
/home/runner/work/exp-rotational-motion-dei/exp-rotational-motion-dei/experiment/simulation/js/script.js
  100:7   warning  'checkBox' is assigned a value but never used      no-unused-vars
  137:5   warning  'pulleyRadius' is assigned a value but never used  no-unused-vars
  143:5   warning  'time' is assigned a value but never used          no-unused-vars
  152:5   warning  'KEValues' is assigned a value but never used      no-unused-vars
  156:5   warning  'prevOmega' is assigned a value but never used     no-unused-vars
  157:5   warning  'prevTime' is assigned a value but never used      no-unused-vars
  166:5   warning  'finalKE' is assigned a value but never used       no-unused-vars
  256:11  warning  'yScale' is assigned a value but never used        no-unused-vars
  260:11  warning  'xScale' is assigned a value but never used        no-unused-vars
  373:10  warning  'showFormulaeModal' is defined but never used      no-unused-vars
  480:31  warning  'stopped' is defined but never used                no-unused-vars
  517:11  warning  'g' is assigned a value but never used             no-unused-vars
  594:5   warning  'resultsTableContainer' is not defined             no-undef
  601:1   warning  'showObservationsBtn' is not defined               no-undef
  602:5   warning  'resultsModal' is not defined                      no-undef
  606:1   warning  'closeResultsModal' is not defined                 no-undef
  607:5   warning  'resultsModal' is not defined                      no-undef
  612:26  warning  'resultsModal' is not defined                      no-undef
  613:9   warning  'resultsModal' is not defined                      no-undef
  669:20  warning  'offset' is defined but never used                 no-unused-vars

✖ 20 problems (0 errors, 20 warnings)

